Generated at 2017-02-19 23:49:58 +0530
Errno::EISDIR: Is a directory @ io_fread - /home/vagrant/chef-repo/cookbooks/Nginx
/opt/chefdk/embedded/lib/ruby/gems/2.3.0/gems/chef-12.15.19/lib/chef/mixin/from_file.rb:30:in `read'
/opt/chefdk/embedded/lib/ruby/gems/2.3.0/gems/chef-12.15.19/lib/chef/mixin/from_file.rb:30:in `from_file'
/opt/chefdk/embedded/lib/ruby/gems/2.3.0/gems/chef-12.15.19/lib/chef/run_context.rb:347:in `load_recipe_file'
/opt/chefdk/embedded/lib/ruby/gems/2.3.0/gems/chef-12.15.19/lib/chef/policy_builder/expand_node_object.rb:100:in `block in setup_run_context'
/opt/chefdk/embedded/lib/ruby/gems/2.3.0/gems/chef-12.15.19/lib/chef/policy_builder/expand_node_object.rb:99:in `each'
/opt/chefdk/embedded/lib/ruby/gems/2.3.0/gems/chef-12.15.19/lib/chef/policy_builder/expand_node_object.rb:99:in `setup_run_context'
/opt/chefdk/embedded/lib/ruby/gems/2.3.0/gems/chef-12.15.19/lib/chef/client.rb:510:in `setup_run_context'
/opt/chefdk/embedded/lib/ruby/gems/2.3.0/gems/chef-12.15.19/lib/chef/client.rb:280:in `run'
/opt/chefdk/embedded/lib/ruby/gems/2.3.0/gems/chef-12.15.19/lib/chef/application.rb:302:in `block in fork_chef_client'
/opt/chefdk/embedded/lib/ruby/gems/2.3.0/gems/chef-12.15.19/lib/chef/application.rb:290:in `fork'
/opt/chefdk/embedded/lib/ruby/gems/2.3.0/gems/chef-12.15.19/lib/chef/application.rb:290:in `fork_chef_client'
/opt/chefdk/embedded/lib/ruby/gems/2.3.0/gems/chef-12.15.19/lib/chef/application.rb:255:in `block in run_chef_client'
/opt/chefdk/embedded/lib/ruby/gems/2.3.0/gems/chef-12.15.19/lib/chef/local_mode.rb:44:in `with_server_connectivity'
/opt/chefdk/embedded/lib/ruby/gems/2.3.0/gems/chef-12.15.19/lib/chef/application.rb:243:in `run_chef_client'
/opt/chefdk/embedded/lib/ruby/gems/2.3.0/gems/chef-12.15.19/lib/chef/application/client.rb:464:in `sleep_then_run_chef_client'
/opt/chefdk/embedded/lib/ruby/gems/2.3.0/gems/chef-12.15.19/lib/chef/application/client.rb:451:in `block in interval_run_chef_client'
/opt/chefdk/embedded/lib/ruby/gems/2.3.0/gems/chef-12.15.19/lib/chef/application/client.rb:450:in `loop'
/opt/chefdk/embedded/lib/ruby/gems/2.3.0/gems/chef-12.15.19/lib/chef/application/client.rb:450:in `interval_run_chef_client'
/opt/chefdk/embedded/lib/ruby/gems/2.3.0/gems/chef-12.15.19/lib/chef/application/client.rb:434:in `run_application'
/opt/chefdk/embedded/lib/ruby/gems/2.3.0/gems/chef-12.15.19/lib/chef/application.rb:60:in `run'
/opt/chefdk/embedded/lib/ruby/gems/2.3.0/gems/chef-12.15.19/bin/chef-client:26:in `<top (required)>'
/usr/bin/chef-client:57:in `load'
/usr/bin/chef-client:57:in `<main>'