E, [2017-03-30T00:16:01.324297 #5901] ERROR -- Kitchen: ------Exception-------
E, [2017-03-30T00:16:01.324383 #5901] ERROR -- Kitchen: Class: Kitchen::UserError
E, [2017-03-30T00:16:01.324406 #5901] ERROR -- Kitchen: Message: Kitchen YAML file /home/vagrant/chef-repo/.kitchen.yml does not exist.
E, [2017-03-30T00:16:01.324422 #5901] ERROR -- Kitchen: ----------------------
E, [2017-03-30T00:16:01.324435 #5901] ERROR -- Kitchen: ------Backtrace-------
E, [2017-03-30T00:16:01.324448 #5901] ERROR -- Kitchen: /opt/chefdk/embedded/lib/ruby/gems/2.3.0/gems/test-kitchen-1.13.2/lib/kitchen/loader/yaml.rb:74:in `read'
E, [2017-03-30T00:16:01.324478 #5901] ERROR -- Kitchen: /opt/chefdk/embedded/lib/ruby/gems/2.3.0/gems/test-kitchen-1.13.2/lib/kitchen/config.rb:154:in `data'
E, [2017-03-30T00:16:01.324492 #5901] ERROR -- Kitchen: /opt/chefdk/embedded/lib/ruby/gems/2.3.0/gems/test-kitchen-1.13.2/lib/kitchen/config.rb:133:in `suites'
E, [2017-03-30T00:16:01.324506 #5901] ERROR -- Kitchen: /opt/chefdk/embedded/lib/ruby/gems/2.3.0/gems/test-kitchen-1.13.2/lib/kitchen/config.rb:184:in `filter_instances'
E, [2017-03-30T00:16:01.324527 #5901] ERROR -- Kitchen: /opt/chefdk/embedded/lib/ruby/gems/2.3.0/gems/test-kitchen-1.13.2/lib/kitchen/config.rb:143:in `build_instances'
E, [2017-03-30T00:16:01.324539 #5901] ERROR -- Kitchen: /opt/chefdk/embedded/lib/ruby/gems/2.3.0/gems/test-kitchen-1.13.2/lib/kitchen/config.rb:119:in `instances'
E, [2017-03-30T00:16:01.324550 #5901] ERROR -- Kitchen: /opt/chefdk/embedded/lib/ruby/gems/2.3.0/gems/test-kitchen-1.13.2/lib/kitchen/command.rb:115:in `filtered_instances'
E, [2017-03-30T00:16:01.324562 #5901] ERROR -- Kitchen: /opt/chefdk/embedded/lib/ruby/gems/2.3.0/gems/test-kitchen-1.13.2/lib/kitchen/command.rb:145:in `parse_subcommand'
E, [2017-03-30T00:16:01.324574 #5901] ERROR -- Kitchen: /opt/chefdk/embedded/lib/ruby/gems/2.3.0/gems/test-kitchen-1.13.2/lib/kitchen/command/list.rb:32:in `call'
E, [2017-03-30T00:16:01.324585 #5901] ERROR -- Kitchen: /opt/chefdk/embedded/lib/ruby/gems/2.3.0/gems/test-kitchen-1.13.2/lib/kitchen/cli.rb:56:in `perform'
E, [2017-03-30T00:16:01.324597 #5901] ERROR -- Kitchen: /opt/chefdk/embedded/lib/ruby/gems/2.3.0/gems/test-kitchen-1.13.2/lib/kitchen/cli.rb:120:in `list'
E, [2017-03-30T00:16:01.324608 #5901] ERROR -- Kitchen: /opt/chefdk/embedded/lib/ruby/gems/2.3.0/gems/thor-0.19.1/lib/thor/command.rb:27:in `run'
E, [2017-03-30T00:16:01.324619 #5901] ERROR -- Kitchen: /opt/chefdk/embedded/lib/ruby/gems/2.3.0/gems/thor-0.19.1/lib/thor/invocation.rb:126:in `invoke_command'
E, [2017-03-30T00:16:01.324631 #5901] ERROR -- Kitchen: /opt/chefdk/embedded/lib/ruby/gems/2.3.0/gems/test-kitchen-1.13.2/lib/kitchen/cli.rb:334:in `invoke_task'
E, [2017-03-30T00:16:01.324642 #5901] ERROR -- Kitchen: /opt/chefdk/embedded/lib/ruby/gems/2.3.0/gems/thor-0.19.1/lib/thor.rb:359:in `dispatch'
E, [2017-03-30T00:16:01.324654 #5901] ERROR -- Kitchen: /opt/chefdk/embedded/lib/ruby/gems/2.3.0/gems/thor-0.19.1/lib/thor/base.rb:440:in `start'
E, [2017-03-30T00:16:01.324666 #5901] ERROR -- Kitchen: /opt/chefdk/embedded/lib/ruby/gems/2.3.0/gems/test-kitchen-1.13.2/bin/kitchen:13:in `block in <top (required)>'
E, [2017-03-30T00:16:01.324677 #5901] ERROR -- Kitchen: /opt/chefdk/embedded/lib/ruby/gems/2.3.0/gems/test-kitchen-1.13.2/lib/kitchen/errors.rb:174:in `with_friendly_errors'
E, [2017-03-30T00:16:01.324689 #5901] ERROR -- Kitchen: /opt/chefdk/embedded/lib/ruby/gems/2.3.0/gems/test-kitchen-1.13.2/bin/kitchen:13:in `<top (required)>'
E, [2017-03-30T00:16:01.324700 #5901] ERROR -- Kitchen: /usr/bin/kitchen:21:in `load'
E, [2017-03-30T00:16:01.324711 #5901] ERROR -- Kitchen: /usr/bin/kitchen:21:in `<main>'
E, [2017-03-30T00:16:01.324995 #5901] ERROR -- Kitchen: ----End Backtrace-----
